2020-01-29 15:54:23,057 INFO    : 1980年台风列表，共计24个，来源http://agora.ex.nii.ac.jp/digital-typhoon/year/wnp/1980.html.en
2020-01-29 15:54:23,060 INFO    : 198001台风图片列表：http://agora.ex.nii.ac.jp/digital-typhoon/summary/wnp/k/198001.html.en
2020-01-29 15:54:23,418 INFO    : 198001台风图片共0个下载完成
2020-01-29 15:54:23,418 INFO    : 198002台风图片列表：http://agora.ex.nii.ac.jp/digital-typhoon/summary/wnp/k/198002.html.en
2020-01-29 15:54:23,845 INFO    : 198002台风图片共0个下载完成
2020-01-29 15:54:23,845 INFO    : 198003台风图片列表：http://agora.ex.nii.ac.jp/digital-typhoon/summary/wnp/k/198003.html.en
2020-01-29 15:54:24,164 INFO    : 198003台风图片共0个下载完成
2020-01-29 15:54:24,164 INFO    : 198004台风图片列表：http://agora.ex.nii.ac.jp/digital-typhoon/summary/wnp/k/198004.html.en
2020-01-29 15:54:24,481 INFO    : 198004台风图片共0个下载完成
2020-01-29 15:54:24,482 INFO    : 198005台风图片列表：http://agora.ex.nii.ac.jp/digital-typhoon/summary/wnp/k/198005.html.en
2020-01-29 15:54:24,849 INFO    : 198005台风图片共0个下载完成
2020-01-29 15:54:24,849 INFO    : 198006台风图片列表：http://agora.ex.nii.ac.jp/digital-typhoon/summary/wnp/k/198006.html.en
2020-01-29 15:54:25,256 INFO    : 198006台风图片共0个下载完成
2020-01-29 15:54:25,256 INFO    : 198007台风图片列表：http://agora.ex.nii.ac.jp/digital-typhoon/summary/wnp/k/198007.html.en
2020-01-29 15:54:25,663 INFO    : 198007台风图片共0个下载完成
2020-01-29 15:54:25,664 INFO    : 198008台风图片列表：http://agora.ex.nii.ac.jp/digital-typhoon/summary/wnp/k/198008.html.en
2020-01-29 15:54:26,090 INFO    : 198008台风图片共0个下载完成
2020-01-29 15:54:26,090 INFO    : 198009台风图片列表：http://agora.ex.nii.ac.jp/digital-typhoon/summary/wnp/k/198009.html.en
2020-01-29 15:54:26,534 INFO    : 198009台风图片共0个下载完成
2020-01-29 15:54:26,535 INFO    : 198010台风图片列表：http://agora.ex.nii.ac.jp/digital-typhoon/summary/wnp/k/198010.html.en
2020-01-29 15:54:26,956 INFO    : 198010台风图片共0个下载完成
2020-01-29 15:54:26,956 INFO    : 198011台风图片列表：http://agora.ex.nii.ac.jp/digital-typhoon/summary/wnp/k/198011.html.en
2020-01-29 15:54:27,397 INFO    : 198011台风图片共0个下载完成
2020-01-29 15:54:27,397 INFO    : 198012台风图片列表：http://agora.ex.nii.ac.jp/digital-typhoon/summary/wnp/k/198012.html.en
2020-01-29 15:54:27,784 INFO    : 198012台风图片共0个下载完成
2020-01-29 15:54:27,784 INFO    : 198013台风图片列表：http://agora.ex.nii.ac.jp/digital-typhoon/summary/wnp/k/198013.html.en
2020-01-29 15:54:28,211 INFO    : 198013台风图片共0个下载完成
2020-01-29 15:54:28,211 INFO    : 198014台风图片列表：http://agora.ex.nii.ac.jp/digital-typhoon/summary/wnp/k/198014.html.en
2020-01-29 15:54:28,677 INFO    : 198014台风图片共0个下载完成
2020-01-29 15:54:28,677 INFO    : 198015台风图片列表：http://agora.ex.nii.ac.jp/digital-typhoon/summary/wnp/k/198015.html.en
2020-01-29 15:54:29,103 INFO    : 198015台风图片共0个下载完成
2020-01-29 15:54:29,104 INFO    : 198016台风图片列表：http://agora.ex.nii.ac.jp/digital-typhoon/summary/wnp/k/198016.html.en
2020-01-29 15:54:29,554 INFO    : 198016台风图片共0个下载完成
2020-01-29 15:54:29,554 INFO    : 198017台风图片列表：http://agora.ex.nii.ac.jp/digital-typhoon/summary/wnp/k/198017.html.en
2020-01-29 15:54:29,949 INFO    : 198017台风图片共0个下载完成
2020-01-29 15:54:29,950 INFO    : 198018台风图片列表：http://agora.ex.nii.ac.jp/digital-typhoon/summary/wnp/k/198018.html.en
2020-01-29 15:54:30,378 INFO    : 198018台风图片共0个下载完成
2020-01-29 15:54:30,379 INFO    : 198019台风图片列表：http://agora.ex.nii.ac.jp/digital-typhoon/summary/wnp/k/198019.html.en
2020-01-29 15:54:30,888 INFO    : 198019台风图片共0个下载完成
2020-01-29 15:54:30,889 INFO    : 198020台风图片列表：http://agora.ex.nii.ac.jp/digital-typhoon/summary/wnp/k/198020.html.en
2020-01-29 15:54:31,395 INFO    : 198020台风图片共0个下载完成
2020-01-29 15:54:31,395 INFO    : 198021台风图片列表：http://agora.ex.nii.ac.jp/digital-typhoon/summary/wnp/k/198021.html.en
2020-01-29 15:54:31,802 INFO    : 198021台风图片共0个下载完成
2020-01-29 15:54:31,802 INFO    : 198022台风图片列表：http://agora.ex.nii.ac.jp/digital-typhoon/summary/wnp/k/198022.html.en
2020-01-29 15:54:32,249 INFO    : 198022台风图片共0个下载完成
2020-01-29 15:54:32,249 INFO    : 198023台风图片列表：http://agora.ex.nii.ac.jp/digital-typhoon/summary/wnp/k/198023.html.en
2020-01-29 15:54:32,690 INFO    : 198023台风图片共0个下载完成
2020-01-29 15:54:32,690 INFO    : 198024台风图片列表：http://agora.ex.nii.ac.jp/digital-typhoon/summary/wnp/k/198024.html.en
2020-01-29 15:54:33,081 INFO    : 198024台风图片共0个下载完成
2020-01-29 15:54:33,081 INFO    : 1980年台风图片下载全部完成
2020-01-29 16:02:24,001 INFO    : 1979年台风列表，共计24个，来源http://agora.ex.nii.ac.jp/digital-typhoon/year/wnp/1979.html.en
2020-01-29 16:02:24,001 INFO    : 197901台风图片列表：http://agora.ex.nii.ac.jp/digital-typhoon/summary/wnp/k/197901.html.en
2020-01-29 16:02:24,360 INFO    : 197901-123112台风图片详情：http://agora.ex.nii.ac.jp/cgi-bin/dt/single2.pl?prefix=GMS178123112&id=197901&basin=wnp&lang=en
2020-01-29 16:02:25,740 INFO    : 下载图片tys_raw/197901_123112_0_1004.jpg，来源http://agora.ex.nii.ac.jp/digital-typhoon/wnp/by-name/197901/1/512x512/GMS178123112.197901.jpg
2020-01-29 16:02:26,133 INFO    : 197901-123118台风图片详情：http://agora.ex.nii.ac.jp/cgi-bin/dt/single2.pl?prefix=GMS178123118&id=197901&basin=wnp&lang=en
2020-01-29 16:02:27,241 INFO    : 下载图片tys_raw/197901_123118_0_1002.jpg，来源http://agora.ex.nii.ac.jp/digital-typhoon/wnp/by-name/197901/1/512x512/GMS178123118.197901.jpg
2020-01-29 16:02:27,640 INFO    : 197901-010100台风图片详情：http://agora.ex.nii.ac.jp/cgi-bin/dt/single2.pl?prefix=GMS179010100&id=197901&basin=wnp&lang=en
2020-01-29 16:02:28,840 INFO    : 下载图片tys_raw/197901_010100_0_1000.jpg，来源http://agora.ex.nii.ac.jp/digital-typhoon/wnp/by-name/197901/1/512x512/GMS179010100.197901.jpg
2020-01-29 16:02:29,229 INFO    : 197901-010106台风图片详情：http://agora.ex.nii.ac.jp/cgi-bin/dt/single2.pl?prefix=GMS179010106&id=197901&basin=wnp&lang=en
2020-01-29 16:02:30,364 INFO    : 下载图片tys_raw/197901_010106_0_1000.jpg，来源http://agora.ex.nii.ac.jp/digital-typhoon/wnp/by-name/197901/1/512x512/GMS179010106.197901.jpg
2020-01-29 16:02:30,758 INFO    : 197901-010112台风图片详情：http://agora.ex.nii.ac.jp/cgi-bin/dt/single2.pl?prefix=GMS179010112&id=197901&basin=wnp&lang=en
2020-01-29 16:02:31,916 INFO    : 下载图片tys_raw/197901_010112_0_1000.jpg，来源http://agora.ex.nii.ac.jp/digital-typhoon/wnp/by-name/197901/1/512x512/GMS179010112.197901.jpg
2020-01-29 16:02:32,353 INFO    : 197901-010118台风图片详情：http://agora.ex.nii.ac.jp/cgi-bin/dt/single2.pl?prefix=GMS179010118&id=197901&basin=wnp&lang=en
2020-01-29 16:02:33,464 INFO    : 下载图片tys_raw/197901_010118_0_998.jpg，来源http://agora.ex.nii.ac.jp/digital-typhoon/wnp/by-name/197901/1/512x512/GMS179010118.197901.jpg
2020-01-29 16:02:33,869 INFO    : 197901-010200台风图片详情：http://agora.ex.nii.ac.jp/cgi-bin/dt/single2.pl?prefix=GMS179010200&id=197901&basin=wnp&lang=en
2020-01-29 16:02:34,964 INFO    : 下载图片tys_raw/197901_010200_50_990.jpg，来源http://agora.ex.nii.ac.jp/digital-typhoon/wnp/by-name/197901/1/512x512/GMS179010200.197901.jpg
2020-01-29 16:02:35,354 INFO    : 197901-010206台风图片详情：http://agora.ex.nii.ac.jp/cgi-bin/dt/single2.pl?prefix=GMS179010206&id=197901&basin=wnp&lang=en
2020-01-29 16:02:36,457 INFO    : 下载图片tys_raw/197901_010206_50_985.jpg，来源http://agora.ex.nii.ac.jp/digital-typhoon/wnp/by-name/197901/1/512x512/GMS179010206.197901.jpg
2020-01-29 16:02:36,842 INFO    : 197901-010212台风图片详情：http://agora.ex.nii.ac.jp/cgi-bin/dt/single2.pl?prefix=GMS179010212&id=197901&basin=wnp&lang=en
2020-01-29 16:02:37,957 INFO    : 下载图片tys_raw/197901_010212_50_985.jpg，来源http://agora.ex.nii.ac.jp/digital-typhoon/wnp/by-name/197901/1/512x512/GMS179010212.197901.jpg
2020-01-29 16:02:38,461 INFO    : 197901-010218台风图片详情：http://agora.ex.nii.ac.jp/cgi-bin/dt/single2.pl?prefix=GMS179010218&id=197901&basin=wnp&lang=en
2020-01-29 16:02:39,552 INFO    : 下载图片tys_raw/197901_010218_55_980.jpg，来源http://agora.ex.nii.ac.jp/digital-typhoon/wnp/by-name/197901/1/512x512/GMS179010218.197901.jpg
2020-01-29 16:02:40,072 INFO    : 197901-010300台风图片详情：http://agora.ex.nii.ac.jp/cgi-bin/dt/single2.pl?prefix=GMS179010300&id=197901&basin=wnp&lang=en
2020-01-29 16:02:41,163 INFO    : 下载图片tys_raw/197901_010300_55_980.jpg，来源http://agora.ex.nii.ac.jp/digital-typhoon/wnp/by-name/197901/1/512x512/GMS179010300.197901.jpg
2020-01-29 16:02:41,550 INFO    : 197901-010306台风图片详情：http://agora.ex.nii.ac.jp/cgi-bin/dt/single2.pl?prefix=GMS179010306&id=197901&basin=wnp&lang=en
2020-01-29 16:02:42,636 INFO    : 下载图片tys_raw/197901_010306_55_980.jpg，来源http://agora.ex.nii.ac.jp/digital-typhoon/wnp/by-name/197901/1/512x512/GMS179010306.197901.jpg
2020-01-29 16:02:43,159 INFO    : 197901-010312台风图片详情：http://agora.ex.nii.ac.jp/cgi-bin/dt/single2.pl?prefix=GMS179010312&id=197901&basin=wnp&lang=en
2020-01-29 16:02:44,260 INFO    : 下载图片tys_raw/197901_010312_55_980.jpg，来源http://agora.ex.nii.ac.jp/digital-typhoon/wnp/by-name/197901/1/512x512/GMS179010312.197901.jpg
2020-01-29 16:02:44,648 INFO    : 197901-010318台风图片详情：http://agora.ex.nii.ac.jp/cgi-bin/dt/single2.pl?prefix=GMS179010318&id=197901&basin=wnp&lang=en
2020-01-29 16:02:45,762 INFO    : 下载图片tys_raw/197901_010318_55_980.jpg，来源http://agora.ex.nii.ac.jp/digital-typhoon/wnp/by-name/197901/1/512x512/GMS179010318.197901.jpg
2020-01-29 16:02:46,147 INFO    : 197901-010400台风图片详情：http://agora.ex.nii.ac.jp/cgi-bin/dt/single2.pl?prefix=GMS179010400&id=197901&basin=wnp&lang=en
2020-01-29 16:03:10,001 INFO    : 1980年台风列表，共计24个，来源http://agora.ex.nii.ac.jp/digital-typhoon/year/wnp/1980.html.en
2020-01-29 16:03:10,001 INFO    : 198001台风图片列表：http://agora.ex.nii.ac.jp/digital-typhoon/summary/wnp/k/198001.html.en
2020-01-29 16:03:10,271 INFO    : 198001台风图片共0个下载完成
2020-01-29 16:03:10,272 INFO    : 198002台风图片列表：http://agora.ex.nii.ac.jp/digital-typhoon/summary/wnp/k/198002.html.en
2020-01-29 16:03:10,566 INFO    : 198002台风图片共0个下载完成
2020-01-29 16:03:10,566 INFO    : 198003台风图片列表：http://agora.ex.nii.ac.jp/digital-typhoon/summary/wnp/k/198003.html.en
2020-01-29 16:03:10,857 INFO    : 198003台风图片共0个下载完成
2020-01-29 16:03:10,857 INFO    : 198004台风图片列表：http://agora.ex.nii.ac.jp/digital-typhoon/summary/wnp/k/198004.html.en
2020-01-29 16:03:11,163 INFO    : 198004台风图片共0个下载完成
2020-01-29 16:03:11,164 INFO    : 198005台风图片列表：http://agora.ex.nii.ac.jp/digital-typhoon/summary/wnp/k/198005.html.en
2020-01-29 16:03:11,438 INFO    : 198005台风图片共0个下载完成
2020-01-29 16:03:11,439 INFO    : 198006台风图片列表：http://agora.ex.nii.ac.jp/digital-typhoon/summary/wnp/k/198006.html.en
2020-01-29 16:03:11,728 INFO    : 198006台风图片共0个下载完成
2020-01-29 16:03:11,728 INFO    : 198007台风图片列表：http://agora.ex.nii.ac.jp/digital-typhoon/summary/wnp/k/198007.html.en
2020-01-29 16:03:12,024 INFO    : 198007台风图片共0个下载完成
2020-01-29 16:03:12,024 INFO    : 198008台风图片列表：http://agora.ex.nii.ac.jp/digital-typhoon/summary/wnp/k/198008.html.en
2020-01-29 16:03:12,307 INFO    : 198008台风图片共0个下载完成
2020-01-29 16:03:12,308 INFO    : 198009台风图片列表：http://agora.ex.nii.ac.jp/digital-typhoon/summary/wnp/k/198009.html.en
2020-01-29 16:03:12,589 INFO    : 198009台风图片共0个下载完成
2020-01-29 16:03:12,589 INFO    : 198010台风图片列表：http://agora.ex.nii.ac.jp/digital-typhoon/summary/wnp/k/198010.html.en
2020-01-29 16:03:12,902 INFO    : 198010台风图片共0个下载完成
2020-01-29 16:03:12,903 INFO    : 198011台风图片列表：http://agora.ex.nii.ac.jp/digital-typhoon/summary/wnp/k/198011.html.en
2020-01-29 16:03:13,186 INFO    : 198011台风图片共0个下载完成
2020-01-29 16:03:13,186 INFO    : 198012台风图片列表：http://agora.ex.nii.ac.jp/digital-typhoon/summary/wnp/k/198012.html.en
2020-01-29 16:03:13,480 INFO    : 198012台风图片共0个下载完成
2020-01-29 16:03:13,480 INFO    : 198013台风图片列表：http://agora.ex.nii.ac.jp/digital-typhoon/summary/wnp/k/198013.html.en
2020-01-29 16:03:13,788 INFO    : 198013台风图片共0个下载完成
2020-01-29 16:03:13,788 INFO    : 198014台风图片列表：http://agora.ex.nii.ac.jp/digital-typhoon/summary/wnp/k/198014.html.en
2020-01-29 16:03:14,069 INFO    : 198014台风图片共0个下载完成
2020-01-29 16:03:14,069 INFO    : 198015台风图片列表：http://agora.ex.nii.ac.jp/digital-typhoon/summary/wnp/k/198015.html.en
2020-01-29 16:03:14,349 INFO    : 198015台风图片共0个下载完成
2020-01-29 16:03:14,349 INFO    : 198016台风图片列表：http://agora.ex.nii.ac.jp/digital-typhoon/summary/wnp/k/198016.html.en
2020-01-29 16:03:14,666 INFO    : 198016台风图片共0个下载完成
2020-01-29 16:03:14,667 INFO    : 198017台风图片列表：http://agora.ex.nii.ac.jp/digital-typhoon/summary/wnp/k/198017.html.en
2020-01-29 16:03:14,957 INFO    : 198017台风图片共0个下载完成
2020-01-29 16:03:14,957 INFO    : 198018台风图片列表：http://agora.ex.nii.ac.jp/digital-typhoon/summary/wnp/k/198018.html.en
2020-01-29 16:03:15,248 INFO    : 198018台风图片共0个下载完成
2020-01-29 16:03:15,248 INFO    : 198019台风图片列表：http://agora.ex.nii.ac.jp/digital-typhoon/summary/wnp/k/198019.html.en
2020-01-29 16:03:15,551 INFO    : 198019台风图片共0个下载完成
2020-01-29 16:03:15,551 INFO    : 198020台风图片列表：http://agora.ex.nii.ac.jp/digital-typhoon/summary/wnp/k/198020.html.en
2020-01-29 16:03:15,823 INFO    : 198020台风图片共0个下载完成
2020-01-29 16:03:15,823 INFO    : 198021台风图片列表：http://agora.ex.nii.ac.jp/digital-typhoon/summary/wnp/k/198021.html.en
2020-01-29 16:03:16,124 INFO    : 198021台风图片共0个下载完成
2020-01-29 16:03:16,124 INFO    : 198022台风图片列表：http://agora.ex.nii.ac.jp/digital-typhoon/summary/wnp/k/198022.html.en
2020-01-29 16:03:16,398 INFO    : 198022台风图片共0个下载完成
2020-01-29 16:03:16,398 INFO    : 198023台风图片列表：http://agora.ex.nii.ac.jp/digital-typhoon/summary/wnp/k/198023.html.en
2020-01-29 16:03:16,676 INFO    : 198023台风图片共0个下载完成
2020-01-29 16:03:16,676 INFO    : 198024台风图片列表：http://agora.ex.nii.ac.jp/digital-typhoon/summary/wnp/k/198024.html.en
2020-01-29 16:03:16,956 INFO    : 198024台风图片共0个下载完成
2020-01-29 16:03:16,957 INFO    : 1980年台风图片下载全部完成
2020-01-29 16:03:17,240 INFO    : 1981年台风列表，共计29个，来源http://agora.ex.nii.ac.jp/digital-typhoon/year/wnp/1981.html.en
2020-01-29 16:03:17,241 INFO    : 198101台风图片列表：http://agora.ex.nii.ac.jp/digital-typhoon/summary/wnp/k/198101.html.en
2020-01-29 16:03:17,662 INFO    : 198101-031200台风图片详情：http://agora.ex.nii.ac.jp/cgi-bin/dt/single2.pl?prefix=GMS181031200&id=198101&basin=wnp&lang=en
2020-01-29 16:03:18,935 INFO    : 下载图片tys_raw/198101_031200_0_1004.jpg，来源http://agora.ex.nii.ac.jp/digital-typhoon/wnp/by-name/198101/1/512x512/GMS181031200.198101.jpg
2020-01-29 16:03:19,337 INFO    : 198101-031206台风图片详情：http://agora.ex.nii.ac.jp/cgi-bin/dt/single2.pl?prefix=GMS181031206&id=198101&basin=wnp&lang=en
2020-01-29 16:03:20,421 INFO    : 下载图片tys_raw/198101_031206_0_1002.jpg，来源http://agora.ex.nii.ac.jp/digital-typhoon/wnp/by-name/198101/1/512x512/GMS181031206.198101.jpg
2020-01-29 16:03:20,817 INFO    : 198101-031212台风图片详情：http://agora.ex.nii.ac.jp/cgi-bin/dt/single2.pl?prefix=GMS181031212&id=198101&basin=wnp&lang=en
2020-01-29 16:03:21,941 INFO    : 下载图片tys_raw/198101_031212_40_998.jpg，来源http://agora.ex.nii.ac.jp/digital-typhoon/wnp/by-name/198101/1/512x512/GMS181031212.198101.jpg
2020-01-29 16:03:22,331 INFO    : 198101-031218台风图片详情：http://agora.ex.nii.ac.jp/cgi-bin/dt/single2.pl?prefix=GMS181031218&id=198101&basin=wnp&lang=en
2020-01-29 16:03:23,460 INFO    : 下载图片tys_raw/198101_031218_45_994.jpg，来源http://agora.ex.nii.ac.jp/digital-typhoon/wnp/by-name/198101/1/512x512/GMS181031218.198101.jpg
2020-01-29 16:03:23,849 INFO    : 198101-031300台风图片详情：http://agora.ex.nii.ac.jp/cgi-bin/dt/single2.pl?prefix=GMS181031300&id=198101&basin=wnp&lang=en
2020-01-29 16:03:24,947 INFO    : 下载图片tys_raw/198101_031300_45_992.jpg，来源http://agora.ex.nii.ac.jp/digital-typhoon/wnp/by-name/198101/1/512x512/GMS181031300.198101.jpg
2020-01-29 16:03:25,457 INFO    : 198101-031306台风图片详情：http://agora.ex.nii.ac.jp/cgi-bin/dt/single2.pl?prefix=GMS181031306&id=198101&basin=wnp&lang=en
2020-01-29 16:03:26,562 INFO    : 下载图片tys_raw/198101_031306_50_990.jpg，来源http://agora.ex.nii.ac.jp/digital-typhoon/wnp/by-name/198101/1/512x512/GMS181031306.198101.jpg
2020-01-29 16:03:26,952 INFO    : 198101-031312台风图片详情：http://agora.ex.nii.ac.jp/cgi-bin/dt/single2.pl?prefix=GMS181031312&id=198101&basin=wnp&lang=en
2020-01-29 16:03:28,060 INFO    : 下载图片tys_raw/198101_031312_55_990.jpg，来源http://agora.ex.nii.ac.jp/digital-typhoon/wnp/by-name/198101/1/512x512/GMS181031312.198101.jpg
2020-01-29 16:03:28,446 INFO    : 198101-031318台风图片详情：http://agora.ex.nii.ac.jp/cgi-bin/dt/single2.pl?prefix=GMS181031318&id=198101&basin=wnp&lang=en
2020-01-29 16:03:29,539 INFO    : 下载图片tys_raw/198101_031318_60_985.jpg，来源http://agora.ex.nii.ac.jp/digital-typhoon/wnp/by-name/198101/1/512x512/GMS181031318.198101.jpg
2020-01-29 16:03:29,924 INFO    : 198101-031400台风图片详情：http://agora.ex.nii.ac.jp/cgi-bin/dt/single2.pl?prefix=GMS181031400&id=198101&basin=wnp&lang=en
2020-01-29 16:03:31,035 INFO    : 下载图片tys_raw/198101_031400_60_980.jpg，来源http://agora.ex.nii.ac.jp/digital-typhoon/wnp/by-name/198101/1/512x512/GMS181031400.198101.jpg
2020-01-29 16:03:31,425 INFO    : 198101-031406台风图片详情：http://agora.ex.nii.ac.jp/cgi-bin/dt/single2.pl?prefix=GMS181031406&id=198101&basin=wnp&lang=en
